<?xml version="1.0" encoding="UTF-8"?>
<testsuite xmlns:xsi="http://www.w3.org/2001/XMLSchema-instance" xsi:noNamespaceSchemaLocation="https://maven.apache.org/surefire/maven-surefire-plugin/xsd/surefire-test-report-3.0.xsd" version="3.0" name="com.xyzbank.tests.ManagerTest" time="52.589" tests="8" errors="0" skipped="0" failures="0">
  <properties>
[...]
</properties>
  <testcase name="testAddValidCustomer" classname="com.xyzbank.tests.ManagerTest" time="5.642">
    <system-out><![CDATA[13:54:49 [INFO ] [main] com.xyzbank.base.BaseTest - ========== START: TC-01: Add valid customer ==========
13:54:49 [DEBUG] [main] com.xyzbank.base.BaseTest - Initializing WebDriver...
13:54:49 [DEBUG] [main] com.xyzbank.pages.HomePage - Navigating to XYZ Bank login page...
13:54:51 [DEBUG] [main] com.xyzbank.base.BaseTest - Browser opened and home page loaded
13:54:51 [DEBUG] [main] com.xyzbank.tests.ManagerTest - Navigating to Manager login page...
13:54:51 [DEBUG] [main] com.xyzbank.pages.HomePage - Clicking Bank Manager Login button...
13:54:52 [DEBUG] [main] com.xyzbank.tests.ManagerTest - Manager page loaded
13:54:52 [INFO ] [main] com.xyzbank.tests.ManagerTest - Adding customer: John Smith
13:54:52 [DEBUG] [main] com.xyzbank.pages.ManagerPage - Adding customer: John Smith
13:54:52 [DEBUG] [main] com.xyzbank.pages.ManagerPage - Navigating to Add Customer tab...
13:54:53 [DEBUG] [main] com.xyzbank.pages.ManagerPage - Add customer alert: Customer added successfully with customer id :6
13:54:53 [DEBUG] [main] com.xyzbank.tests.ManagerTest - Alert received: Customer added successfully with customer id :6
13:54:53 [DEBUG] [main] com.xyzbank.pages.ManagerPage - Checking if customer 'John' is in list...
13:54:53 [DEBUG] [main] com.xyzbank.pages.ManagerPage - Navigating to Customers tab...
13:54:54 [DEBUG] [main] com.xyzbank.pages.ManagerPage - Customer 'John' found in list: true
13:54:54 [INFO ] [main] com.xyzbank.tests.ManagerTest - Customer 'John' successfully added and verified in list
13:54:54 [DEBUG] [main] com.xyzbank.base.BaseTest - Taking screenshot before closing browser...
13:54:54 [DEBUG] [main] com.xyzbank.base.BaseTest - Screenshot captured successfully
13:54:54 [DEBUG] [main] com.xyzbank.base.BaseTest - WebDriver closed
13:54:54 [INFO ] [main] com.xyzbank.base.BaseTest - ========== END: TC-01: Add valid customer ==========
]]></system-out>
    <system-err><![CDATA[Feb 26, 2026 1:54:49 PM org.openqa.selenium.devtools.CdpVersionFinder findNearestMatch
WARNING: Unable to find CDP implementation matching 145
Feb 26, 2026 1:54:49 PM org.openqa.selenium.chromium.ChromiumDriver lambda$new$5
WARNING: Unable to find version of CDP to use for 145.0.7632.116. You may need to include a dependency on a specific version of the CDP using something similar to `org.seleniumhq.selenium:selenium-devtools-v86:4.18.1` where the version ("v86") matches the version of the chromium-based browser you're using and the version number of the artifact is the same as Selenium's.
]]></system-err>
  </testcase>
  <testcase name="testRejectNameWithNumbers" classname="com.xyzbank.tests.ManagerTest" time="8.686">
    <system-out><![CDATA[13:54:54 [INFO ] [main] com.xyzbank.base.BaseTest - ========== START: TC-02: Name with numbers - documents app behaviour (no validation) ==========
13:54:54 [DEBUG] [main] com.xyzbank.base.BaseTest - Initializing WebDriver...
13:54:56 [DEBUG] [main] com.xyzbank.pages.HomePage - Navigating to XYZ Bank login page...
13:55:00 [DEBUG] [main] com.xyzbank.base.BaseTest - Browser opened and home page loaded
13:55:00 [DEBUG] [main] com.xyzbank.tests.ManagerTest - Navigating to Manager login page...
13:55:00 [DEBUG] [main] com.xyzbank.pages.HomePage - Clicking Bank Manager Login button...
13:55:01 [DEBUG] [main] com.xyzbank.tests.ManagerTest - Manager page loaded
13:55:01 [INFO ] [main] com.xyzbank.tests.ManagerTest - Testing name with numbers: 'John123'
13:55:01 [DEBUG] [main] com.xyzbank.pages.ManagerPage - Adding customer: John123 Smith
13:55:01 [DEBUG] [main] com.xyzbank.pages.ManagerPage - Navigating to Add Customer tab...
13:55:03 [DEBUG] [main] com.xyzbank.pages.ManagerPage - Add customer alert: Customer added successfully with customer id :6
13:55:03 [WARN ] [main] com.xyzbank.tests.ManagerTest - TC-02: App accepted name with numbers 'John123' - no server-side validation present
13:55:03 [DEBUG] [main] com.xyzbank.base.BaseTest - Taking screenshot before closing browser...
13:55:03 [DEBUG] [main] com.xyzbank.base.BaseTest - Screenshot captured successfully
13:55:03 [DEBUG] [main] com.xyzbank.base.BaseTest - WebDriver closed
13:55:03 [INFO ] [main] com.xyzbank.base.BaseTest - ========== END: TC-02: Name with numbers - documents app behaviour (no validation) ==========
]]></system-out>
    <system-err><![CDATA[Feb 26, 2026 1:54:56 PM org.openqa.selenium.devtools.CdpVersionFinder findNearestMatch
WARNING: Unable to find CDP implementation matching 145
Feb 26, 2026 1:54:56 PM org.openqa.selenium.chromium.ChromiumDriver lambda$new$5
WARNING: Unable to find version of CDP to use for 145.0.7632.116. You may need to include a dependency on a specific version of the CDP using something similar to `org.seleniumhq.selenium:selenium-devtools-v86:4.18.1` where the version ("v86") matches the version of the chromium-based browser you're using and the version number of the artifact is the same as Selenium's.
]]></system-err>
  </testcase>
  <testcase name="testRejectNameWithSpecialChars" classname="com.xyzbank.tests.ManagerTest" time="4.84">
    <system-out><![CDATA[13:55:03 [INFO ] [main] com.xyzbank.base.BaseTest - ========== START: TC-03: Name with special chars - documents app behaviour (no validation) ==========
13:55:03 [DEBUG] [main] com.xyzbank.base.BaseTest - Initializing WebDriver...
13:55:03 [DEBUG] [main] com.xyzbank.pages.HomePage - Navigating to XYZ Bank login page...
13:55:05 [DEBUG] [main] com.xyzbank.base.BaseTest - Browser opened and home page loaded
13:55:05 [DEBUG] [main] com.xyzbank.tests.ManagerTest - Navigating to Manager login page...
13:55:05 [DEBUG] [main] com.xyzbank.pages.HomePage - Clicking Bank Manager Login button...
13:55:06 [DEBUG] [main] com.xyzbank.tests.ManagerTest - Manager page loaded
13:55:06 [INFO ] [main] com.xyzbank.tests.ManagerTest - Testing name with special characters: 'John@!#'
13:55:06 [DEBUG] [main] com.xyzbank.pages.ManagerPage - Adding customer: John@!# Smith
13:55:06 [DEBUG] [main] com.xyzbank.pages.ManagerPage - Navigating to Add Customer tab...
13:55:08 [DEBUG] [main] com.xyzbank.pages.ManagerPage - Add customer alert: Customer added successfully with customer id :6
13:55:08 [WARN ] [main] com.xyzbank.tests.ManagerTest - TC-03: App accepted name with special chars 'John@!#' - no server-side validation present
13:55:08 [DEBUG] [main] com.xyzbank.base.BaseTest - Taking screenshot before closing browser...
13:55:08 [DEBUG] [main] com.xyzbank.base.BaseTest - Screenshot captured successfully
13:55:08 [DEBUG] [main] com.xyzbank.base.BaseTest - WebDriver closed
13:55:08 [INFO ] [main] com.xyzbank.base.BaseTest - ========== END: TC-03: Name with special chars - documents app behaviour (no validation) ==========
]]></system-out>
    <system-err><![CDATA[Feb 26, 2026 1:55:03 PM org.openqa.selenium.devtools.CdpVersionFinder findNearestMatch
WARNING: Unable to find CDP implementation matching 145
Feb 26, 2026 1:55:03 PM org.openqa.selenium.chromium.ChromiumDriver lambda$new$5
WARNING: Unable to find version of CDP to use for 145.0.7632.116. You may need to include a dependency on a specific version of the CDP using something similar to `org.seleniumhq.selenium:selenium-devtools-v86:4.18.1` where the version ("v86") matches the version of the chromium-based browser you're using and the version number of the artifact is the same as Selenium's.
]]></system-err>
  </testcase>
  <testcase name="testRejectAlphabeticPostcode" classname="com.xyzbank.tests.ManagerTest" time="4.858">
    <system-out><![CDATA[13:55:08 [INFO ] [main] com.xyzbank.base.BaseTest - ========== START: TC-04: Alphabetic postcode - documents app behaviour (no validation) ==========
13:55:08 [DEBUG] [main] com.xyzbank.base.BaseTest - Initializing WebDriver...
13:55:08 [DEBUG] [main] com.xyzbank.pages.HomePage - Navigating to XYZ Bank login page...
13:55:10 [DEBUG] [main] com.xyzbank.base.BaseTest - Browser opened and home page loaded
13:55:10 [DEBUG] [main] com.xyzbank.tests.ManagerTest - Navigating to Manager login page...
13:55:10 [DEBUG] [main] com.xyzbank.pages.HomePage - Clicking Bank Manager Login button...
13:55:11 [DEBUG] [main] com.xyzbank.tests.ManagerTest - Manager page loaded
13:55:11 [INFO ] [main] com.xyzbank.tests.ManagerTest - Testing alphabetic postcode: 'ABCDE'
13:55:11 [DEBUG] [main] com.xyzbank.pages.ManagerPage - Adding customer: John Smith
13:55:11 [DEBUG] [main] com.xyzbank.pages.ManagerPage - Navigating to Add Customer tab...
13:55:13 [DEBUG] [main] com.xyzbank.pages.ManagerPage - Add customer alert: Customer added successfully with customer id :6
13:55:13 [WARN ] [main] com.xyzbank.tests.ManagerTest - TC-04: App accepted alphabetic postcode 'ABCDE' - postcode should be numeric per acceptance criteria
13:55:13 [DEBUG] [main] com.xyzbank.base.BaseTest - Taking screenshot before closing browser...
13:55:13 [DEBUG] [main] com.xyzbank.base.BaseTest - Screenshot captured successfully
13:55:13 [DEBUG] [main] com.xyzbank.base.BaseTest - WebDriver closed
13:55:13 [INFO ] [main] com.xyzbank.base.BaseTest - ========== END: TC-04: Alphabetic postcode - documents app behaviour (no validation) ==========
]]></system-out>
    <system-err><![CDATA[Feb 26, 2026 1:55:08 PM org.openqa.selenium.devtools.CdpVersionFinder findNearestMatch
WARNING: Unable to find CDP implementation matching 145
Feb 26, 2026 1:55:08 PM org.openqa.selenium.chromium.ChromiumDriver lambda$new$5
WARNING: Unable to find version of CDP to use for 145.0.7632.116. You may need to include a dependency on a specific version of the CDP using something similar to `org.seleniumhq.selenium:selenium-devtools-v86:4.18.1` where the version ("v86") matches the version of the chromium-based browser you're using and the version number of the artifact is the same as Selenium's.
]]></system-err>
  </testcase>
  <testcase name="testCreateAccount" classname="com.xyzbank.tests.ManagerTest" time="5.693">
    <system-out><![CDATA[13:55:13 [INFO ] [main] com.xyzbank.base.BaseTest - ========== START: TC-05: Create account for existing customer ==========
13:55:13 [DEBUG] [main] com.xyzbank.base.BaseTest - Initializing WebDriver...
13:55:13 [DEBUG] [main] com.xyzbank.pages.HomePage - Navigating to XYZ Bank login page...
13:55:15 [DEBUG] [main] com.xyzbank.base.BaseTest - Browser opened and home page loaded
13:55:15 [DEBUG] [main] com.xyzbank.tests.ManagerTest - Navigating to Manager login page...
13:55:15 [DEBUG] [main] com.xyzbank.pages.HomePage - Clicking Bank Manager Login button...
13:55:17 [DEBUG] [main] com.xyzbank.tests.ManagerTest - Manager page loaded
13:55:17 [INFO ] [main] com.xyzbank.tests.ManagerTest - Creating Dollar account for customer: Harry Potter
13:55:17 [DEBUG] [main] com.xyzbank.pages.ManagerPage - Opening Dollar account for: Harry Potter
13:55:17 [DEBUG] [main] com.xyzbank.pages.ManagerPage - Navigating to Open Account tab...
13:55:18 [DEBUG] [main] com.xyzbank.pages.ManagerPage - Open account alert: Account created successfully with account Number :1016
13:55:18 [DEBUG] [main] com.xyzbank.tests.ManagerTest - Account creation alert: Account created successfully with account Number :1016
13:55:18 [INFO ] [main] com.xyzbank.tests.ManagerTest - Account created successfully for 'Harry Potter'
13:55:18 [DEBUG] [main] com.xyzbank.base.BaseTest - Taking screenshot before closing browser...
13:55:18 [DEBUG] [main] com.xyzbank.base.BaseTest - Screenshot captured successfully
13:55:19 [DEBUG] [main] com.xyzbank.base.BaseTest - WebDriver closed
13:55:19 [INFO ] [main] com.xyzbank.base.BaseTest - ========== END: TC-05: Create account for existing customer ==========
]]></system-out>
    <system-err><![CDATA[Feb 26, 2026 1:55:13 PM org.openqa.selenium.devtools.CdpVersionFinder findNearestMatch
WARNING: Unable to find CDP implementation matching 145
Feb 26, 2026 1:55:13 PM org.openqa.selenium.chromium.ChromiumDriver lambda$new$5
WARNING: Unable to find version of CDP to use for 145.0.7632.116. You may need to include a dependency on a specific version of the CDP using something similar to `org.seleniumhq.selenium:selenium-devtools-v86:4.18.1` where the version ("v86") matches the version of the chromium-based browser you're using and the version number of the artifact is the same as Selenium's.
]]></system-err>
  </testcase>
  <testcase name="testCreateMultipleAccounts" classname="com.xyzbank.tests.ManagerTest" time="11.138">
    <system-out><![CDATA[13:55:19 [INFO ] [main] com.xyzbank.base.BaseTest - ========== START: TC-06: Create multiple accounts for same customer ==========
13:55:19 [DEBUG] [main] com.xyzbank.base.BaseTest - Initializing WebDriver...
13:55:19 [DEBUG] [main] com.xyzbank.pages.HomePage - Navigating to XYZ Bank login page...
13:55:25 [DEBUG] [main] com.xyzbank.base.BaseTest - Browser opened and home page loaded
13:55:25 [DEBUG] [main] com.xyzbank.tests.ManagerTest - Navigating to Manager login page...
13:55:25 [DEBUG] [main] com.xyzbank.pages.HomePage - Clicking Bank Manager Login button...
13:55:26 [DEBUG] [main] com.xyzbank.tests.ManagerTest - Manager page loaded
13:55:26 [INFO ] [main] com.xyzbank.tests.ManagerTest - Creating multiple accounts for customer: Harry Potter
13:55:26 [DEBUG] [main] com.xyzbank.pages.ManagerPage - Opening Dollar account for: Harry Potter
13:55:26 [DEBUG] [main] com.xyzbank.pages.ManagerPage - Navigating to Open Account tab...
13:55:29 [DEBUG] [main] com.xyzbank.pages.ManagerPage - Open account alert: Account created successfully with account Number :1016
13:55:29 [DEBUG] [main] com.xyzbank.tests.ManagerTest - First account alert (Dollar): Account created successfully with account Number :1016
13:55:29 [DEBUG] [main] com.xyzbank.pages.ManagerPage - Opening Pound account for: Harry Potter
13:55:29 [DEBUG] [main] com.xyzbank.pages.ManagerPage - Navigating to Open Account tab...
13:55:30 [DEBUG] [main] com.xyzbank.pages.ManagerPage - Open account alert: Account created successfully with account Number :1017
13:55:30 [DEBUG] [main] com.xyzbank.tests.ManagerTest - Second account alert (Pound): Account created successfully with account Number :1017
13:55:30 [INFO ] [main] com.xyzbank.tests.ManagerTest - Both accounts created successfully for 'Harry Potter'
13:55:30 [DEBUG] [main] com.xyzbank.base.BaseTest - Taking screenshot before closing browser...
13:55:30 [DEBUG] [main] com.xyzbank.base.BaseTest - Screenshot captured successfully
13:55:30 [DEBUG] [main] com.xyzbank.base.BaseTest - WebDriver closed
13:55:30 [INFO ] [main] com.xyzbank.base.BaseTest - ========== END: TC-06: Create multiple accounts for same customer ==========
]]></system-out>
    <system-err><![CDATA[Feb 26, 2026 1:55:19 PM org.openqa.selenium.devtools.CdpVersionFinder findNearestMatch
WARNING: Unable to find CDP implementation matching 145
Feb 26, 2026 1:55:19 PM org.openqa.selenium.chromium.ChromiumDriver lambda$new$5
WARNING: Unable to find version of CDP to use for 145.0.7632.116. You may need to include a dependency on a specific version of the CDP using something similar to `org.seleniumhq.selenium:selenium-devtools-v86:4.18.1` where the version ("v86") matches the version of the chromium-based browser you're using and the version number of the artifact is the same as Selenium's.
]]></system-err>
  </testcase>
  <testcase name="testDeleteCustomer" classname="com.xyzbank.tests.ManagerTest" time="6.458">
    <system-out><![CDATA[13:55:30 [INFO ] [main] com.xyzbank.base.BaseTest - ========== START: TC-07: Delete customer ==========
13:55:30 [DEBUG] [main] com.xyzbank.base.BaseTest - Initializing WebDriver...
13:55:30 [DEBUG] [main] com.xyzbank.pages.HomePage - Navigating to XYZ Bank login page...
13:55:32 [DEBUG] [main] com.xyzbank.base.BaseTest - Browser opened and home page loaded
13:55:32 [DEBUG] [main] com.xyzbank.tests.ManagerTest - Navigating to Manager login page...
13:55:32 [DEBUG] [main] com.xyzbank.pages.HomePage - Clicking Bank Manager Login button...
13:55:33 [DEBUG] [main] com.xyzbank.tests.ManagerTest - Manager page loaded
13:55:33 [INFO ] [main] com.xyzbank.tests.ManagerTest - Setting up customer for deletion: DeleteMe TestUser
13:55:33 [DEBUG] [main] com.xyzbank.pages.ManagerPage - Adding customer: DeleteMe TestUser
13:55:33 [DEBUG] [main] com.xyzbank.pages.ManagerPage - Navigating to Add Customer tab...
13:55:35 [DEBUG] [main] com.xyzbank.pages.ManagerPage - Add customer alert: Customer added successfully with customer id :6
13:55:35 [DEBUG] [main] com.xyzbank.pages.ManagerPage - Checking if customer 'DeleteMe' is in list...
13:55:35 [DEBUG] [main] com.xyzbank.pages.ManagerPage - Navigating to Customers tab...
13:55:36 [DEBUG] [main] com.xyzbank.pages.ManagerPage - Customer 'DeleteMe' found in list: true
13:55:36 [INFO ] [main] com.xyzbank.tests.ManagerTest - Deleting customer: DeleteMe
13:55:36 [DEBUG] [main] com.xyzbank.pages.ManagerPage - Deleting customer: DeleteMe
13:55:36 [DEBUG] [main] com.xyzbank.pages.ManagerPage - Navigating to Customers tab...
13:55:36 [DEBUG] [main] com.xyzbank.pages.ManagerPage - Delete button clicked for: DeleteMe
13:55:36 [DEBUG] [main] com.xyzbank.pages.ManagerPage - Checking if customer 'DeleteMe' is in list...
13:55:36 [DEBUG] [main] com.xyzbank.pages.ManagerPage - Navigating to Customers tab...
13:55:36 [DEBUG] [main] com.xyzbank.pages.ManagerPage - Customer 'DeleteMe' found in list: false
13:55:36 [INFO ] [main] com.xyzbank.tests.ManagerTest - Customer 'DeleteMe' successfully deleted and verified removed from list
13:55:36 [DEBUG] [main] com.xyzbank.base.BaseTest - Taking screenshot before closing browser...
13:55:36 [DEBUG] [main] com.xyzbank.base.BaseTest - Screenshot captured successfully
13:55:36 [DEBUG] [main] com.xyzbank.base.BaseTest - WebDriver closed
13:55:36 [INFO ] [main] com.xyzbank.base.BaseTest - ========== END: TC-07: Delete customer ==========
]]></system-out>
    <system-err><![CDATA[Feb 26, 2026 1:55:30 PM org.openqa.selenium.devtools.CdpVersionFinder findNearestMatch
WARNING: Unable to find CDP implementation matching 145
Feb 26, 2026 1:55:30 PM org.openqa.selenium.chromium.ChromiumDriver lambda$new$5
WARNING: Unable to find version of CDP to use for 145.0.7632.116. You may need to include a dependency on a specific version of the CDP using something similar to `org.seleniumhq.selenium:selenium-devtools-v86:4.18.1` where the version ("v86") matches the version of the chromium-based browser you're using and the version number of the artifact is the same as Selenium's.
]]></system-err>
  </testcase>
  <testcase name="testCustomerWithNoAccountNotInDropdown" classname="com.xyzbank.tests.ManagerTest" time="5.079">
    <system-out><![CDATA[13:55:36 [INFO ] [main] com.xyzbank.base.BaseTest - ========== START: TC-08: Customer with no account cannot login ==========
13:55:36 [DEBUG] [main] com.xyzbank.base.BaseTest - Initializing WebDriver...
13:55:37 [DEBUG] [main] com.xyzbank.pages.HomePage - Navigating to XYZ Bank login page...
13:55:38 [DEBUG] [main] com.xyzbank.base.BaseTest - Browser opened and home page loaded
13:55:38 [DEBUG] [main] com.xyzbank.tests.ManagerTest - Navigating to Manager login page...
13:55:38 [DEBUG] [main] com.xyzbank.pages.HomePage - Clicking Bank Manager Login button...
13:55:40 [DEBUG] [main] com.xyzbank.tests.ManagerTest - Manager page loaded
13:55:40 [INFO ] [main] com.xyzbank.tests.ManagerTest - Adding customer 'NoAccount User' without creating an account
13:55:40 [DEBUG] [main] com.xyzbank.pages.ManagerPage - Adding customer: NoAccount User
13:55:40 [DEBUG] [main] com.xyzbank.pages.ManagerPage - Navigating to Add Customer tab...
13:55:41 [DEBUG] [main] com.xyzbank.pages.ManagerPage - Add customer alert: Customer added successfully with customer id :6
13:55:41 [DEBUG] [main] com.xyzbank.pages.HomePage - Navigating to XYZ Bank login page...
13:55:41 [DEBUG] [main] com.xyzbank.pages.HomePage - Clicking Customer Login button...
13:55:41 [DEBUG] [main] com.xyzbank.tests.ManagerTest - Checking login dropdown does not contain 'NoAccount User'
13:55:41 [INFO ] [main] com.xyzbank.tests.ManagerTest - Verified 'NoAccount User' is not present in login dropdown
13:55:41 [DEBUG] [main] com.xyzbank.base.BaseTest - Taking screenshot before closing browser...
13:55:41 [DEBUG] [main] com.xyzbank.base.BaseTest - Screenshot captured successfully
13:55:41 [DEBUG] [main] com.xyzbank.base.BaseTest - WebDriver closed
13:55:41 [INFO ] [main] com.xyzbank.base.BaseTest - ========== END: TC-08: Customer with no account cannot login ==========
]]></system-out>
    <system-err><![CDATA[Feb 26, 2026 1:55:37 PM org.openqa.selenium.devtools.CdpVersionFinder findNearestMatch
WARNING: Unable to find CDP implementation matching 145
Feb 26, 2026 1:55:37 PM org.openqa.selenium.chromium.ChromiumDriver lambda$new$5
WARNING: Unable to find version of CDP to use for 145.0.7632.116. You may need to include a dependency on a specific version of the CDP using something similar to `org.seleniumhq.selenium:selenium-devtools-v86:4.18.1` where the version ("v86") matches the version of the chromium-based browser you're using and the version number of the artifact is the same as Selenium's.
]]></system-err>
  </testcase>
</testsuite>