<?xml version="1.0" encoding="UTF-8"?>
<testsuite xmlns:xsi="http://www.w3.org/2001/XMLSchema-instance" xsi:noNamespaceSchemaLocation="https://maven.apache.org/surefire/maven-surefire-plugin/xsd/surefire-test-report-3.0.xsd" version="3.0" name="com.xyzbank.tests.CustomerTest" time="180.543" tests="12" errors="0" skipped="0" failures="4">
  <properties>
[...]
</properties>
  <testcase name="testCustomerLogin" classname="com.xyzbank.tests.CustomerTest" time="29.235">
    <system-out><![CDATA[13:51:49 [INFO ] [main] com.xyzbank.base.BaseTest - ========== START: TC-09: Successful customer login ==========
13:51:49 [DEBUG] [main] com.xyzbank.base.BaseTest - Initializing WebDriver...
13:52:09 [DEBUG] [main] com.xyzbank.pages.HomePage - Navigating to XYZ Bank login page...
13:52:12 [DEBUG] [main] com.xyzbank.base.BaseTest - Browser opened and home page loaded
13:52:12 [INFO ] [main] com.xyzbank.tests.CustomerTest - Logging in as pre-loaded customer: Harry Potter
13:52:12 [DEBUG] [main] com.xyzbank.pages.HomePage - Clicking Customer Login button...
13:52:15 [DEBUG] [main] com.xyzbank.pages.CustomerLoginPage - Logging in as customer: Harry Potter
13:52:17 [DEBUG] [main] com.xyzbank.pages.CustomerLoginPage - Login successful - account page loaded
13:52:17 [DEBUG] [main] com.xyzbank.pages.CustomerLoginPage - Waiting for account selector to appear...
13:52:17 [DEBUG] [main] com.xyzbank.pages.CustomerLoginPage - Waiting for account options to populate...
13:52:17 [DEBUG] [main] com.xyzbank.pages.CustomerLoginPage - Account dropdown options count: 3
13:52:17 [DEBUG] [main] com.xyzbank.pages.CustomerLoginPage - First account selected — total options: 3
13:52:17 [DEBUG] [main] com.xyzbank.pages.CustomerLoginPage - Account dashboard fully loaded and ready
13:52:17 [INFO ] [main] com.xyzbank.tests.CustomerTest - Customer 'Harry Potter' logged in successfully
13:52:17 [INFO ] [main] com.xyzbank.tests.CustomerTest - Verifying customer login for: Harry Potter
13:52:17 [INFO ] [main] com.xyzbank.tests.CustomerTest - Login verified - dashboard loaded correctly
13:52:17 [DEBUG] [main] com.xyzbank.base.BaseTest - Taking screenshot before closing browser...
13:52:18 [DEBUG] [main] com.xyzbank.base.BaseTest - Screenshot captured successfully
13:52:18 [DEBUG] [main] com.xyzbank.base.BaseTest - WebDriver closed
13:52:18 [INFO ] [main] com.xyzbank.base.BaseTest - ========== END: TC-09: Successful customer login ==========
]]></system-out>
    <system-err><![CDATA[Feb 26, 2026 1:52:09 PM org.openqa.selenium.devtools.CdpVersionFinder findNearestMatch
WARNING: Unable to find CDP implementation matching 145
Feb 26, 2026 1:52:09 PM org.openqa.selenium.chromium.ChromiumDriver lambda$new$5
WARNING: Unable to find version of CDP to use for 145.0.7632.116. You may need to include a dependency on a specific version of the CDP using something similar to `org.seleniumhq.selenium:selenium-devtools-v86:4.18.1` where the version ("v86") matches the version of the chromium-based browser you're using and the version number of the artifact is the same as Selenium's.
]]></system-err>
  </testcase>
  <testcase name="testViewTransactions" classname="com.xyzbank.tests.CustomerTest" time="8.275">
    <system-out><![CDATA[13:52:18 [INFO ] [main] com.xyzbank.base.BaseTest - ========== START: TC-10: View transaction history ==========
13:52:18 [DEBUG] [main] com.xyzbank.base.BaseTest - Initializing WebDriver...
13:52:18 [DEBUG] [main] com.xyzbank.pages.HomePage - Navigating to XYZ Bank login page...
13:52:21 [DEBUG] [main] com.xyzbank.base.BaseTest - Browser opened and home page loaded
13:52:21 [INFO ] [main] com.xyzbank.tests.CustomerTest - Logging in as pre-loaded customer: Harry Potter
13:52:21 [DEBUG] [main] com.xyzbank.pages.HomePage - Clicking Customer Login button...
13:52:22 [DEBUG] [main] com.xyzbank.pages.CustomerLoginPage - Logging in as customer: Harry Potter
13:52:24 [DEBUG] [main] com.xyzbank.pages.CustomerLoginPage - Login successful - account page loaded
13:52:24 [DEBUG] [main] com.xyzbank.pages.CustomerLoginPage - Waiting for account selector to appear...
13:52:24 [DEBUG] [main] com.xyzbank.pages.CustomerLoginPage - Waiting for account options to populate...
13:52:24 [DEBUG] [main] com.xyzbank.pages.CustomerLoginPage - Account dropdown options count: 3
13:52:25 [DEBUG] [main] com.xyzbank.pages.CustomerLoginPage - First account selected — total options: 3
13:52:25 [DEBUG] [main] com.xyzbank.pages.CustomerLoginPage - Account dashboard fully loaded and ready
13:52:25 [INFO ] [main] com.xyzbank.tests.CustomerTest - Customer 'Harry Potter' logged in successfully
13:52:25 [INFO ] [main] com.xyzbank.tests.CustomerTest - Depositing 1000 to generate a transaction
13:52:25 [DEBUG] [main] com.xyzbank.pages.AccountPage - Depositing amount: 1000
13:52:25 [DEBUG] [main] com.xyzbank.pages.AccountPage - Clicked element: By.xpath: //button[@type='submit']
13:52:25 [DEBUG] [main] com.xyzbank.pages.AccountPage - Status message detected
13:52:25 [DEBUG] [main] com.xyzbank.pages.AccountPage - Deposit of 1000 completed
13:52:25 [DEBUG] [main] com.xyzbank.pages.AccountPage - Clicking Transactions tab...
13:52:26 [DEBUG] [main] com.xyzbank.pages.AccountPage - Transaction row count: 1
13:52:26 [DEBUG] [main] com.xyzbank.tests.CustomerTest - Transaction count found: 1
13:52:26 [INFO ] [main] com.xyzbank.tests.CustomerTest - Transaction history verified - 1 transaction(s) found
13:52:26 [DEBUG] [main] com.xyzbank.base.BaseTest - Taking screenshot before closing browser...
13:52:26 [DEBUG] [main] com.xyzbank.base.BaseTest - Screenshot captured successfully
13:52:26 [DEBUG] [main] com.xyzbank.base.BaseTest - WebDriver closed
13:52:26 [INFO ] [main] com.xyzbank.base.BaseTest - ========== END: TC-10: View transaction history ==========
]]></system-out>
    <system-err><![CDATA[Feb 26, 2026 1:52:18 PM org.openqa.selenium.devtools.CdpVersionFinder findNearestMatch
WARNING: Unable to find CDP implementation matching 145
Feb 26, 2026 1:52:18 PM org.openqa.selenium.chromium.ChromiumDriver lambda$new$5
WARNING: Unable to find version of CDP to use for 145.0.7632.116. You may need to include a dependency on a specific version of the CDP using something similar to `org.seleniumhq.selenium:selenium-devtools-v86:4.18.1` where the version ("v86") matches the version of the chromium-based browser you're using and the version number of the artifact is the same as Selenium's.
]]></system-err>
  </testcase>
  <testcase name="testDepositUpdatesBalance" classname="com.xyzbank.tests.CustomerTest" time="6.065">
    <system-out><![CDATA[13:52:26 [INFO ] [main] com.xyzbank.base.BaseTest - ========== START: TC-11: Deposit valid amount updates balance ==========
13:52:26 [DEBUG] [main] com.xyzbank.base.BaseTest - Initializing WebDriver...
13:52:27 [DEBUG] [main] com.xyzbank.pages.HomePage - Navigating to XYZ Bank login page...
13:52:29 [DEBUG] [main] com.xyzbank.base.BaseTest - Browser opened and home page loaded
13:52:29 [INFO ] [main] com.xyzbank.tests.CustomerTest - Logging in as pre-loaded customer: Harry Potter
13:52:29 [DEBUG] [main] com.xyzbank.pages.HomePage - Clicking Customer Login button...
13:52:30 [DEBUG] [main] com.xyzbank.pages.CustomerLoginPage - Logging in as customer: Harry Potter
13:52:31 [DEBUG] [main] com.xyzbank.pages.CustomerLoginPage - Login successful - account page loaded
13:52:31 [DEBUG] [main] com.xyzbank.pages.CustomerLoginPage - Waiting for account selector to appear...
13:52:31 [DEBUG] [main] com.xyzbank.pages.CustomerLoginPage - Waiting for account options to populate...
13:52:31 [DEBUG] [main] com.xyzbank.pages.CustomerLoginPage - Account dropdown options count: 3
13:52:31 [DEBUG] [main] com.xyzbank.pages.CustomerLoginPage - First account selected — total options: 3
13:52:31 [DEBUG] [main] com.xyzbank.pages.CustomerLoginPage - Account dashboard fully loaded and ready
13:52:31 [INFO ] [main] com.xyzbank.tests.CustomerTest - Customer 'Harry Potter' logged in successfully
13:52:31 [INFO ] [main] com.xyzbank.tests.CustomerTest - Depositing amount: 1000
13:52:31 [DEBUG] [main] com.xyzbank.pages.AccountPage - Reading account balance...
13:52:31 [DEBUG] [main] com.xyzbank.pages.AccountPage - Current balance: 0
13:52:31 [DEBUG] [main] com.xyzbank.pages.AccountPage - Depositing amount: 1000
13:52:32 [DEBUG] [main] com.xyzbank.pages.AccountPage - Clicked element: By.xpath: //button[@type='submit']
13:52:32 [DEBUG] [main] com.xyzbank.pages.AccountPage - Status message detected
13:52:32 [DEBUG] [main] com.xyzbank.pages.AccountPage - Deposit of 1000 completed
13:52:32 [DEBUG] [main] com.xyzbank.tests.CustomerTest - Status message after deposit: 'Deposit Successful'
13:52:32 [DEBUG] [main] com.xyzbank.pages.AccountPage - Reading account balance...
13:52:32 [DEBUG] [main] com.xyzbank.pages.AccountPage - Current balance: 1000
13:52:32 [DEBUG] [main] com.xyzbank.tests.CustomerTest - Balance before: 0 after: 1000
13:52:32 [INFO ] [main] com.xyzbank.tests.CustomerTest - Deposit verified - balance updated to 1000
13:52:32 [DEBUG] [main] com.xyzbank.base.BaseTest - Taking screenshot before closing browser...
13:52:32 [DEBUG] [main] com.xyzbank.base.BaseTest - Screenshot captured successfully
13:52:32 [DEBUG] [main] com.xyzbank.base.BaseTest - WebDriver closed
13:52:32 [INFO ] [main] com.xyzbank.base.BaseTest - ========== END: TC-11: Deposit valid amount updates balance ==========
]]></system-out>
    <system-err><![CDATA[Feb 26, 2026 1:52:27 PM org.openqa.selenium.devtools.CdpVersionFinder findNearestMatch
WARNING: Unable to find CDP implementation matching 145
Feb 26, 2026 1:52:27 PM org.openqa.selenium.chromium.ChromiumDriver lambda$new$5
WARNING: Unable to find version of CDP to use for 145.0.7632.116. You may need to include a dependency on a specific version of the CDP using something similar to `org.seleniumhq.selenium:selenium-devtools-v86:4.18.1` where the version ("v86") matches the version of the chromium-based browser you're using and the version number of the artifact is the same as Selenium's.
]]></system-err>
  </testcase>
  <testcase name="testMultipleDepositsAccumulate" classname="com.xyzbank.tests.CustomerTest" time="6.283">
    <system-out><![CDATA[13:52:32 [INFO ] [main] com.xyzbank.base.BaseTest - ========== START: TC-12: Multiple deposits accumulate in balance ==========
13:52:32 [DEBUG] [main] com.xyzbank.base.BaseTest - Initializing WebDriver...
13:52:33 [DEBUG] [main] com.xyzbank.pages.HomePage - Navigating to XYZ Bank login page...
13:52:35 [DEBUG] [main] com.xyzbank.base.BaseTest - Browser opened and home page loaded
13:52:35 [INFO ] [main] com.xyzbank.tests.CustomerTest - Logging in as pre-loaded customer: Harry Potter
13:52:35 [DEBUG] [main] com.xyzbank.pages.HomePage - Clicking Customer Login button...
13:52:36 [DEBUG] [main] com.xyzbank.pages.CustomerLoginPage - Logging in as customer: Harry Potter
13:52:37 [DEBUG] [main] com.xyzbank.pages.CustomerLoginPage - Login successful - account page loaded
13:52:37 [DEBUG] [main] com.xyzbank.pages.CustomerLoginPage - Waiting for account selector to appear...
13:52:37 [DEBUG] [main] com.xyzbank.pages.CustomerLoginPage - Waiting for account options to populate...
13:52:37 [DEBUG] [main] com.xyzbank.pages.CustomerLoginPage - Account dropdown options count: 3
13:52:37 [DEBUG] [main] com.xyzbank.pages.CustomerLoginPage - First account selected — total options: 3
13:52:37 [DEBUG] [main] com.xyzbank.pages.CustomerLoginPage - Account dashboard fully loaded and ready
13:52:37 [INFO ] [main] com.xyzbank.tests.CustomerTest - Customer 'Harry Potter' logged in successfully
13:52:37 [INFO ] [main] com.xyzbank.tests.CustomerTest - Making two deposits: 1000 then 500
13:52:37 [DEBUG] [main] com.xyzbank.pages.AccountPage - Reading account balance...
13:52:37 [DEBUG] [main] com.xyzbank.pages.AccountPage - Current balance: 0
13:52:37 [DEBUG] [main] com.xyzbank.pages.AccountPage - Depositing amount: 1000
13:52:38 [DEBUG] [main] com.xyzbank.pages.AccountPage - Clicked element: By.xpath: //button[@type='submit']
13:52:38 [DEBUG] [main] com.xyzbank.pages.AccountPage - Status message detected
13:52:38 [DEBUG] [main] com.xyzbank.pages.AccountPage - Deposit of 1000 completed
13:52:38 [DEBUG] [main] com.xyzbank.pages.AccountPage - Depositing amount: 500
13:52:39 [DEBUG] [main] com.xyzbank.pages.AccountPage - Clicked element: By.xpath: //button[@type='submit']
13:52:39 [DEBUG] [main] com.xyzbank.pages.AccountPage - Status message detected
13:52:39 [DEBUG] [main] com.xyzbank.pages.AccountPage - Deposit of 500 completed
13:52:39 [DEBUG] [main] com.xyzbank.pages.AccountPage - Reading account balance...
13:52:39 [DEBUG] [main] com.xyzbank.pages.AccountPage - Current balance: 1500
13:52:39 [DEBUG] [main] com.xyzbank.tests.CustomerTest - Balance before: 0 after: 1500
13:52:39 [INFO ] [main] com.xyzbank.tests.CustomerTest - Multiple deposits verified - final balance: 1500
13:52:39 [DEBUG] [main] com.xyzbank.base.BaseTest - Taking screenshot before closing browser...
13:52:39 [DEBUG] [main] com.xyzbank.base.BaseTest - Screenshot captured successfully
13:52:39 [DEBUG] [main] com.xyzbank.base.BaseTest - WebDriver closed
13:52:39 [INFO ] [main] com.xyzbank.base.BaseTest - ========== END: TC-12: Multiple deposits accumulate in balance ==========
]]></system-out>
    <system-err><![CDATA[Feb 26, 2026 1:52:33 PM org.openqa.selenium.devtools.CdpVersionFinder findNearestMatch
WARNING: Unable to find CDP implementation matching 145
Feb 26, 2026 1:52:33 PM org.openqa.selenium.chromium.ChromiumDriver lambda$new$5
WARNING: Unable to find version of CDP to use for 145.0.7632.116. You may need to include a dependency on a specific version of the CDP using something similar to `org.seleniumhq.selenium:selenium-devtools-v86:4.18.1` where the version ("v86") matches the version of the chromium-based browser you're using and the version number of the artifact is the same as Selenium's.
]]></system-err>
  </testcase>
  <testcase name="testDepositZeroNoChange" classname="com.xyzbank.tests.CustomerTest" time="17.225">
    <system-out><![CDATA[13:52:39 [INFO ] [main] com.xyzbank.base.BaseTest - ========== START: TC-13: Deposit zero does not change balance ==========
13:52:39 [DEBUG] [main] com.xyzbank.base.BaseTest - Initializing WebDriver...
13:52:39 [DEBUG] [main] com.xyzbank.pages.HomePage - Navigating to XYZ Bank login page...
13:52:41 [DEBUG] [main] com.xyzbank.base.BaseTest - Browser opened and home page loaded
13:52:41 [INFO ] [main] com.xyzbank.tests.CustomerTest - Logging in as pre-loaded customer: Harry Potter
13:52:41 [DEBUG] [main] com.xyzbank.pages.HomePage - Clicking Customer Login button...
13:52:42 [DEBUG] [main] com.xyzbank.pages.CustomerLoginPage - Logging in as customer: Harry Potter
13:52:43 [DEBUG] [main] com.xyzbank.pages.CustomerLoginPage - Login successful - account page loaded
13:52:43 [DEBUG] [main] com.xyzbank.pages.CustomerLoginPage - Waiting for account selector to appear...
13:52:43 [DEBUG] [main] com.xyzbank.pages.CustomerLoginPage - Waiting for account options to populate...
13:52:43 [DEBUG] [main] com.xyzbank.pages.CustomerLoginPage - Account dropdown options count: 3
13:52:44 [DEBUG] [main] com.xyzbank.pages.CustomerLoginPage - First account selected — total options: 3
13:52:44 [DEBUG] [main] com.xyzbank.pages.CustomerLoginPage - Account dashboard fully loaded and ready
13:52:44 [INFO ] [main] com.xyzbank.tests.CustomerTest - Customer 'Harry Potter' logged in successfully
13:52:44 [INFO ] [main] com.xyzbank.tests.CustomerTest - Depositing zero - expecting no balance change
13:52:44 [DEBUG] [main] com.xyzbank.pages.AccountPage - Reading account balance...
13:52:44 [DEBUG] [main] com.xyzbank.pages.AccountPage - Current balance: 0
13:52:44 [DEBUG] [main] com.xyzbank.pages.AccountPage - Depositing amount: 0
13:52:44 [DEBUG] [main] com.xyzbank.pages.AccountPage - Clicked element: By.xpath: //button[@type='submit']
13:52:56 [WARN ] [main] com.xyzbank.pages.AccountPage - No status message appeared within 10 seconds
13:52:56 [DEBUG] [main] com.xyzbank.pages.AccountPage - Deposit of 0 completed
13:52:56 [DEBUG] [main] com.xyzbank.pages.AccountPage - Reading account balance...
13:52:56 [DEBUG] [main] com.xyzbank.pages.AccountPage - Current balance: 0
13:52:56 [DEBUG] [main] com.xyzbank.tests.CustomerTest - Balance before: 0 after: 0
13:52:56 [INFO ] [main] com.xyzbank.tests.CustomerTest - Zero deposit verified - balance unchanged at 0
13:52:56 [DEBUG] [main] com.xyzbank.base.BaseTest - Taking screenshot before closing browser...
13:52:56 [DEBUG] [main] com.xyzbank.base.BaseTest - Screenshot captured successfully
13:52:56 [DEBUG] [main] com.xyzbank.base.BaseTest - WebDriver closed
13:52:56 [INFO ] [main] com.xyzbank.base.BaseTest - ========== END: TC-13: Deposit zero does not change balance ==========
]]></system-out>
    <system-err><![CDATA[Feb 26, 2026 1:52:39 PM org.openqa.selenium.devtools.CdpVersionFinder findNearestMatch
WARNING: Unable to find CDP implementation matching 145
Feb 26, 2026 1:52:39 PM org.openqa.selenium.chromium.ChromiumDriver lambda$new$5
WARNING: Unable to find version of CDP to use for 145.0.7632.116. You may need to include a dependency on a specific version of the CDP using something similar to `org.seleniumhq.selenium:selenium-devtools-v86:4.18.1` where the version ("v86") matches the version of the chromium-based browser you're using and the version number of the artifact is the same as Selenium's.
]]></system-err>
  </testcase>
  <testcase name="testWithdrawUpdatesBalance" classname="com.xyzbank.tests.CustomerTest" time="5.671">
    <failure message="Expected withdrawal success message. Got: Deposit Successful ==&gt; expected: &lt;true&gt; but was: &lt;false&gt;" type="org.opentest4j.AssertionFailedError"><![CDATA[org.opentest4j.AssertionFailedError: Expected withdrawal success message. Got: Deposit Successful ==> expected: <true> but was: <false>
	at org.junit.jupiter.api.AssertionFailureBuilder.build(AssertionFailureBuilder.java:151)
	at org.junit.jupiter.api.AssertionFailureBuilder.buildAndThrow(AssertionFailureBuilder.java:132)
	at org.junit.jupiter.api.AssertTrue.failNotTrue(AssertTrue.java:63)
	at org.junit.jupiter.api.AssertTrue.assertTrue(AssertTrue.java:36)
	at org.junit.jupiter.api.Assertions.assertTrue(Assertions.java:214)
	at com.xyzbank.tests.CustomerTest.testWithdrawUpdatesBalance(CustomerTest.java:117)
	at java.base/java.lang.reflect.Method.invoke(Method.java:568)
	at java.base/java.util.ArrayList.forEach(ArrayList.java:1511)
	at java.base/java.util.ArrayList.forEach(ArrayList.java:1511)
]]></failure>
    <system-out><![CDATA[13:52:56 [INFO ] [main] com.xyzbank.base.BaseTest - ========== START: TC-14: Withdraw valid amount updates balance ==========
13:52:56 [DEBUG] [main] com.xyzbank.base.BaseTest - Initializing WebDriver...
13:52:56 [DEBUG] [main] com.xyzbank.pages.HomePage - Navigating to XYZ Bank login page...
13:52:58 [DEBUG] [main] com.xyzbank.base.BaseTest - Browser opened and home page loaded
13:52:58 [INFO ] [main] com.xyzbank.tests.CustomerTest - Logging in as pre-loaded customer: Harry Potter
13:52:58 [DEBUG] [main] com.xyzbank.pages.HomePage - Clicking Customer Login button...
13:52:59 [DEBUG] [main] com.xyzbank.pages.CustomerLoginPage - Logging in as customer: Harry Potter
13:53:00 [DEBUG] [main] com.xyzbank.pages.CustomerLoginPage - Login successful - account page loaded
13:53:00 [DEBUG] [main] com.xyzbank.pages.CustomerLoginPage - Waiting for account selector to appear...
13:53:00 [DEBUG] [main] com.xyzbank.pages.CustomerLoginPage - Waiting for account options to populate...
13:53:00 [DEBUG] [main] com.xyzbank.pages.CustomerLoginPage - Account dropdown options count: 3
13:53:00 [DEBUG] [main] com.xyzbank.pages.CustomerLoginPage - First account selected — total options: 3
13:53:00 [DEBUG] [main] com.xyzbank.pages.CustomerLoginPage - Account dashboard fully loaded and ready
13:53:00 [INFO ] [main] com.xyzbank.tests.CustomerTest - Customer 'Harry Potter' logged in successfully
13:53:00 [INFO ] [main] com.xyzbank.tests.CustomerTest - Depositing 1000 then withdrawing 200
13:53:00 [DEBUG] [main] com.xyzbank.pages.AccountPage - Depositing amount: 1000
13:53:01 [DEBUG] [main] com.xyzbank.pages.AccountPage - Clicked element: By.xpath: //button[@type='submit']
13:53:01 [DEBUG] [main] com.xyzbank.pages.AccountPage - Status message detected
13:53:01 [DEBUG] [main] com.xyzbank.pages.AccountPage - Deposit of 1000 completed
13:53:01 [DEBUG] [main] com.xyzbank.pages.AccountPage - Reading account balance...
13:53:01 [DEBUG] [main] com.xyzbank.pages.AccountPage - Current balance: 1000
13:53:01 [DEBUG] [main] com.xyzbank.pages.AccountPage - Withdrawing amount: 200
13:53:01 [DEBUG] [main] com.xyzbank.pages.AccountPage - Clicked element: By.xpath: //button[@type='submit']
13:53:01 [DEBUG] [main] com.xyzbank.pages.AccountPage - Status message detected
13:53:01 [DEBUG] [main] com.xyzbank.pages.AccountPage - Withdrawal of 200 completed
13:53:01 [DEBUG] [main] com.xyzbank.tests.CustomerTest - Status message after withdrawal: 'Deposit Successful'
13:53:01 [DEBUG] [main] com.xyzbank.base.BaseTest - Taking screenshot before closing browser...
13:53:02 [DEBUG] [main] com.xyzbank.base.BaseTest - Screenshot captured successfully
13:53:02 [DEBUG] [main] com.xyzbank.base.BaseTest - WebDriver closed
13:53:02 [INFO ] [main] com.xyzbank.base.BaseTest - ========== END: TC-14: Withdraw valid amount updates balance ==========
]]></system-out>
    <system-err><![CDATA[Feb 26, 2026 1:52:56 PM org.openqa.selenium.devtools.CdpVersionFinder findNearestMatch
WARNING: Unable to find CDP implementation matching 145
Feb 26, 2026 1:52:56 PM org.openqa.selenium.chromium.ChromiumDriver lambda$new$5
WARNING: Unable to find version of CDP to use for 145.0.7632.116. You may need to include a dependency on a specific version of the CDP using something similar to `org.seleniumhq.selenium:selenium-devtools-v86:4.18.1` where the version ("v86") matches the version of the chromium-based browser you're using and the version number of the artifact is the same as Selenium's.
]]></system-err>
  </testcase>
  <testcase name="testWithdrawExactBalance" classname="com.xyzbank.tests.CustomerTest" time="5.794">
    <failure message="Withdrawing exact balance should succeed ==&gt; expected: &lt;true&gt; but was: &lt;false&gt;" type="org.opentest4j.AssertionFailedError"><![CDATA[org.opentest4j.AssertionFailedError: Withdrawing exact balance should succeed ==> expected: <true> but was: <false>
	at org.junit.jupiter.api.AssertionFailureBuilder.build(AssertionFailureBuilder.java:151)
	at org.junit.jupiter.api.AssertionFailureBuilder.buildAndThrow(AssertionFailureBuilder.java:132)
	at org.junit.jupiter.api.AssertTrue.failNotTrue(AssertTrue.java:63)
	at org.junit.jupiter.api.AssertTrue.assertTrue(AssertTrue.java:36)
	at org.junit.jupiter.api.Assertions.assertTrue(Assertions.java:214)
	at com.xyzbank.tests.CustomerTest.testWithdrawExactBalance(CustomerTest.java:137)
	at java.base/java.lang.reflect.Method.invoke(Method.java:568)
	at java.base/java.util.ArrayList.forEach(ArrayList.java:1511)
	at java.base/java.util.ArrayList.forEach(ArrayList.java:1511)
]]></failure>
    <system-out><![CDATA[13:53:02 [INFO ] [main] com.xyzbank.base.BaseTest - ========== START: TC-15: Withdraw exact balance leaves zero ==========
13:53:02 [DEBUG] [main] com.xyzbank.base.BaseTest - Initializing WebDriver...
13:53:02 [DEBUG] [main] com.xyzbank.pages.HomePage - Navigating to XYZ Bank login page...
13:53:04 [DEBUG] [main] com.xyzbank.base.BaseTest - Browser opened and home page loaded
13:53:04 [INFO ] [main] com.xyzbank.tests.CustomerTest - Logging in as pre-loaded customer: Harry Potter
13:53:04 [DEBUG] [main] com.xyzbank.pages.HomePage - Clicking Customer Login button...
13:53:05 [DEBUG] [main] com.xyzbank.pages.CustomerLoginPage - Logging in as customer: Harry Potter
13:53:06 [DEBUG] [main] com.xyzbank.pages.CustomerLoginPage - Login successful - account page loaded
13:53:06 [DEBUG] [main] com.xyzbank.pages.CustomerLoginPage - Waiting for account selector to appear...
13:53:06 [DEBUG] [main] com.xyzbank.pages.CustomerLoginPage - Waiting for account options to populate...
13:53:06 [DEBUG] [main] com.xyzbank.pages.CustomerLoginPage - Account dropdown options count: 3
13:53:06 [DEBUG] [main] com.xyzbank.pages.CustomerLoginPage - First account selected — total options: 3
13:53:06 [DEBUG] [main] com.xyzbank.pages.CustomerLoginPage - Account dashboard fully loaded and ready
13:53:06 [INFO ] [main] com.xyzbank.tests.CustomerTest - Customer 'Harry Potter' logged in successfully
13:53:06 [INFO ] [main] com.xyzbank.tests.CustomerTest - Depositing 1000 then withdrawing same amount
13:53:06 [DEBUG] [main] com.xyzbank.pages.AccountPage - Depositing amount: 1000
13:53:07 [DEBUG] [main] com.xyzbank.pages.AccountPage - Clicked element: By.xpath: //button[@type='submit']
13:53:07 [DEBUG] [main] com.xyzbank.pages.AccountPage - Status message detected
13:53:07 [DEBUG] [main] com.xyzbank.pages.AccountPage - Deposit of 1000 completed
13:53:07 [DEBUG] [main] com.xyzbank.pages.AccountPage - Reading account balance...
13:53:07 [DEBUG] [main] com.xyzbank.pages.AccountPage - Current balance: 1000
13:53:07 [DEBUG] [main] com.xyzbank.pages.AccountPage - Withdrawing amount: 1000
13:53:07 [DEBUG] [main] com.xyzbank.pages.AccountPage - Clicked element: By.xpath: //button[@type='submit']
13:53:07 [DEBUG] [main] com.xyzbank.pages.AccountPage - Status message detected
13:53:07 [DEBUG] [main] com.xyzbank.pages.AccountPage - Withdrawal of 1000 completed
13:53:07 [DEBUG] [main] com.xyzbank.tests.CustomerTest - Status after exact withdrawal: 'Deposit Successful'
13:53:07 [DEBUG] [main] com.xyzbank.base.BaseTest - Taking screenshot before closing browser...
13:53:07 [DEBUG] [main] com.xyzbank.base.BaseTest - Screenshot captured successfully
13:53:07 [DEBUG] [main] com.xyzbank.base.BaseTest - WebDriver closed
13:53:07 [INFO ] [main] com.xyzbank.base.BaseTest - ========== END: TC-15: Withdraw exact balance leaves zero ==========
]]></system-out>
    <system-err><![CDATA[Feb 26, 2026 1:53:02 PM org.openqa.selenium.devtools.CdpVersionFinder findNearestMatch
WARNING: Unable to find CDP implementation matching 145
Feb 26, 2026 1:53:02 PM org.openqa.selenium.chromium.ChromiumDriver lambda$new$5
WARNING: Unable to find version of CDP to use for 145.0.7632.116. You may need to include a dependency on a specific version of the CDP using something similar to `org.seleniumhq.selenium:selenium-devtools-v86:4.18.1` where the version ("v86") matches the version of the chromium-based browser you're using and the version number of the artifact is the same as Selenium's.
]]></system-err>
  </testcase>
  <testcase name="testWithdrawOverBalanceFails" classname="com.xyzbank.tests.CustomerTest" time="6.342">
    <system-out><![CDATA[13:53:08 [INFO ] [main] com.xyzbank.base.BaseTest - ========== START: TC-16: Withdraw more than balance fails ==========
13:53:08 [DEBUG] [main] com.xyzbank.base.BaseTest - Initializing WebDriver...
13:53:08 [DEBUG] [main] com.xyzbank.pages.HomePage - Navigating to XYZ Bank login page...
13:53:10 [DEBUG] [main] com.xyzbank.base.BaseTest - Browser opened and home page loaded
13:53:10 [INFO ] [main] com.xyzbank.tests.CustomerTest - Logging in as pre-loaded customer: Harry Potter
13:53:10 [DEBUG] [main] com.xyzbank.pages.HomePage - Clicking Customer Login button...
13:53:11 [DEBUG] [main] com.xyzbank.pages.CustomerLoginPage - Logging in as customer: Harry Potter
13:53:13 [DEBUG] [main] com.xyzbank.pages.CustomerLoginPage - Login successful - account page loaded
13:53:13 [DEBUG] [main] com.xyzbank.pages.CustomerLoginPage - Waiting for account selector to appear...
13:53:13 [DEBUG] [main] com.xyzbank.pages.CustomerLoginPage - Waiting for account options to populate...
13:53:13 [DEBUG] [main] com.xyzbank.pages.CustomerLoginPage - Account dropdown options count: 3
13:53:13 [DEBUG] [main] com.xyzbank.pages.CustomerLoginPage - First account selected — total options: 3
13:53:13 [DEBUG] [main] com.xyzbank.pages.CustomerLoginPage - Account dashboard fully loaded and ready
13:53:13 [INFO ] [main] com.xyzbank.tests.CustomerTest - Customer 'Harry Potter' logged in successfully
13:53:13 [INFO ] [main] com.xyzbank.tests.CustomerTest - Attempting to overdraw with 99999
13:53:13 [DEBUG] [main] com.xyzbank.pages.AccountPage - Reading account balance...
13:53:13 [DEBUG] [main] com.xyzbank.pages.AccountPage - Current balance: 0
13:53:13 [DEBUG] [main] com.xyzbank.pages.AccountPage - Withdrawing amount: 99999
13:53:14 [DEBUG] [main] com.xyzbank.pages.AccountPage - Clicked element: By.xpath: //button[@type='submit']
13:53:14 [DEBUG] [main] com.xyzbank.pages.AccountPage - Status message detected
13:53:14 [DEBUG] [main] com.xyzbank.pages.AccountPage - Withdrawal of 99999 completed
13:53:14 [DEBUG] [main] com.xyzbank.tests.CustomerTest - Status after overdraw attempt: 'Transaction Failed'
13:53:14 [DEBUG] [main] com.xyzbank.pages.AccountPage - Reading account balance...
13:53:14 [DEBUG] [main] com.xyzbank.pages.AccountPage - Current balance: 0
13:53:14 [WARN ] [main] com.xyzbank.tests.CustomerTest - Overdraw attempt correctly rejected - balance remains 0
13:53:14 [DEBUG] [main] com.xyzbank.base.BaseTest - Taking screenshot before closing browser...
13:53:14 [DEBUG] [main] com.xyzbank.base.BaseTest - Screenshot captured successfully
13:53:14 [DEBUG] [main] com.xyzbank.base.BaseTest - WebDriver closed
13:53:14 [INFO ] [main] com.xyzbank.base.BaseTest - ========== END: TC-16: Withdraw more than balance fails ==========
]]></system-out>
    <system-err><![CDATA[Feb 26, 2026 1:53:08 PM org.openqa.selenium.devtools.CdpVersionFinder findNearestMatch
WARNING: Unable to find CDP implementation matching 145
Feb 26, 2026 1:53:08 PM org.openqa.selenium.chromium.ChromiumDriver lambda$new$5
WARNING: Unable to find version of CDP to use for 145.0.7632.116. You may need to include a dependency on a specific version of the CDP using something similar to `org.seleniumhq.selenium:selenium-devtools-v86:4.18.1` where the version ("v86") matches the version of the chromium-based browser you're using and the version number of the artifact is the same as Selenium's.
]]></system-err>
  </testcase>
  <testcase name="testWithdrawZeroNoChange" classname="com.xyzbank.tests.CustomerTest" time="6.072">
    <system-out><![CDATA[13:53:14 [INFO ] [main] com.xyzbank.base.BaseTest - ========== START: TC-17: Withdraw zero does not change balance ==========
13:53:14 [DEBUG] [main] com.xyzbank.base.BaseTest - Initializing WebDriver...
13:53:14 [DEBUG] [main] com.xyzbank.pages.HomePage - Navigating to XYZ Bank login page...
13:53:16 [DEBUG] [main] com.xyzbank.base.BaseTest - Browser opened and home page loaded
13:53:16 [INFO ] [main] com.xyzbank.tests.CustomerTest - Logging in as pre-loaded customer: Harry Potter
13:53:16 [DEBUG] [main] com.xyzbank.pages.HomePage - Clicking Customer Login button...
13:53:17 [DEBUG] [main] com.xyzbank.pages.CustomerLoginPage - Logging in as customer: Harry Potter
13:53:18 [DEBUG] [main] com.xyzbank.pages.CustomerLoginPage - Login successful - account page loaded
13:53:18 [DEBUG] [main] com.xyzbank.pages.CustomerLoginPage - Waiting for account selector to appear...
13:53:18 [DEBUG] [main] com.xyzbank.pages.CustomerLoginPage - Waiting for account options to populate...
13:53:18 [DEBUG] [main] com.xyzbank.pages.CustomerLoginPage - Account dropdown options count: 3
13:53:19 [DEBUG] [main] com.xyzbank.pages.CustomerLoginPage - First account selected — total options: 3
13:53:19 [DEBUG] [main] com.xyzbank.pages.CustomerLoginPage - Account dashboard fully loaded and ready
13:53:19 [INFO ] [main] com.xyzbank.tests.CustomerTest - Customer 'Harry Potter' logged in successfully
13:53:19 [INFO ] [main] com.xyzbank.tests.CustomerTest - Depositing 1000 then withdrawing zero
13:53:19 [DEBUG] [main] com.xyzbank.pages.AccountPage - Depositing amount: 1000
13:53:19 [DEBUG] [main] com.xyzbank.pages.AccountPage - Clicked element: By.xpath: //button[@type='submit']
13:53:19 [DEBUG] [main] com.xyzbank.pages.AccountPage - Status message detected
13:53:19 [DEBUG] [main] com.xyzbank.pages.AccountPage - Deposit of 1000 completed
13:53:19 [DEBUG] [main] com.xyzbank.pages.AccountPage - Reading account balance...
13:53:19 [DEBUG] [main] com.xyzbank.pages.AccountPage - Current balance: 1000
13:53:19 [DEBUG] [main] com.xyzbank.pages.AccountPage - Withdrawing amount: 0
13:53:20 [DEBUG] [main] com.xyzbank.pages.AccountPage - Clicked element: By.xpath: //button[@type='submit']
13:53:20 [DEBUG] [main] com.xyzbank.pages.AccountPage - Status message detected
13:53:20 [DEBUG] [main] com.xyzbank.pages.AccountPage - Withdrawal of 0 completed
13:53:20 [DEBUG] [main] com.xyzbank.pages.AccountPage - Reading account balance...
13:53:20 [DEBUG] [main] com.xyzbank.pages.AccountPage - Current balance: 1000
13:53:20 [DEBUG] [main] com.xyzbank.tests.CustomerTest - Balance after deposit: 1000 after zero withdrawal: 1000
13:53:20 [INFO ] [main] com.xyzbank.tests.CustomerTest - Zero withdrawal verified - balance unchanged at 1000
13:53:20 [DEBUG] [main] com.xyzbank.base.BaseTest - Taking screenshot before closing browser...
13:53:20 [DEBUG] [main] com.xyzbank.base.BaseTest - Screenshot captured successfully
13:53:20 [DEBUG] [main] com.xyzbank.base.BaseTest - WebDriver closed
13:53:20 [INFO ] [main] com.xyzbank.base.BaseTest - ========== END: TC-17: Withdraw zero does not change balance ==========
]]></system-out>
    <system-err><![CDATA[Feb 26, 2026 1:53:14 PM org.openqa.selenium.devtools.CdpVersionFinder findNearestMatch
WARNING: Unable to find CDP implementation matching 145
Feb 26, 2026 1:53:14 PM org.openqa.selenium.chromium.ChromiumDriver lambda$new$5
WARNING: Unable to find version of CDP to use for 145.0.7632.116. You may need to include a dependency on a specific version of the CDP using something similar to `org.seleniumhq.selenium:selenium-devtools-v86:4.18.1` where the version ("v86") matches the version of the chromium-based browser you're using and the version number of the artifact is the same as Selenium's.
]]></system-err>
  </testcase>
  <testcase name="testTransactionHistoryReadOnly" classname="com.xyzbank.tests.CustomerTest" time="6.192">
    <system-out><![CDATA[13:53:20 [INFO ] [main] com.xyzbank.base.BaseTest - ========== START: TC-18: Transaction history is read-only ==========
13:53:20 [DEBUG] [main] com.xyzbank.base.BaseTest - Initializing WebDriver...
13:53:20 [DEBUG] [main] com.xyzbank.pages.HomePage - Navigating to XYZ Bank login page...
13:53:22 [DEBUG] [main] com.xyzbank.base.BaseTest - Browser opened and home page loaded
13:53:22 [INFO ] [main] com.xyzbank.tests.CustomerTest - Logging in as pre-loaded customer: Harry Potter
13:53:22 [DEBUG] [main] com.xyzbank.pages.HomePage - Clicking Customer Login button...
13:53:23 [DEBUG] [main] com.xyzbank.pages.CustomerLoginPage - Logging in as customer: Harry Potter
13:53:24 [DEBUG] [main] com.xyzbank.pages.CustomerLoginPage - Login successful - account page loaded
13:53:24 [DEBUG] [main] com.xyzbank.pages.CustomerLoginPage - Waiting for account selector to appear...
13:53:24 [DEBUG] [main] com.xyzbank.pages.CustomerLoginPage - Waiting for account options to populate...
13:53:24 [DEBUG] [main] com.xyzbank.pages.CustomerLoginPage - Account dropdown options count: 3
13:53:25 [DEBUG] [main] com.xyzbank.pages.CustomerLoginPage - First account selected — total options: 3
13:53:25 [DEBUG] [main] com.xyzbank.pages.CustomerLoginPage - Account dashboard fully loaded and ready
13:53:25 [INFO ] [main] com.xyzbank.tests.CustomerTest - Customer 'Harry Potter' logged in successfully
13:53:25 [INFO ] [main] com.xyzbank.tests.CustomerTest - Checking transaction history is read-only
13:53:25 [DEBUG] [main] com.xyzbank.pages.AccountPage - Depositing amount: 1000
13:53:25 [DEBUG] [main] com.xyzbank.pages.AccountPage - Clicked element: By.xpath: //button[@type='submit']
13:53:25 [DEBUG] [main] com.xyzbank.pages.AccountPage - Status message detected
13:53:25 [DEBUG] [main] com.xyzbank.pages.AccountPage - Deposit of 1000 completed
13:53:25 [DEBUG] [main] com.xyzbank.pages.AccountPage - Clicking Transactions tab...
13:53:26 [DEBUG] [main] com.xyzbank.pages.AccountPage - Back button visible: true
13:53:26 [DEBUG] [main] com.xyzbank.tests.CustomerTest - Back button visible: true
13:53:26 [INFO ] [main] com.xyzbank.tests.CustomerTest - Transaction history read-only check passed
13:53:26 [DEBUG] [main] com.xyzbank.base.BaseTest - Taking screenshot before closing browser...
13:53:26 [DEBUG] [main] com.xyzbank.base.BaseTest - Screenshot captured successfully
13:53:26 [DEBUG] [main] com.xyzbank.base.BaseTest - WebDriver closed
13:53:26 [INFO ] [main] com.xyzbank.base.BaseTest - ========== END: TC-18: Transaction history is read-only ==========
]]></system-out>
    <system-err><![CDATA[Feb 26, 2026 1:53:20 PM org.openqa.selenium.devtools.CdpVersionFinder findNearestMatch
WARNING: Unable to find CDP implementation matching 145
Feb 26, 2026 1:53:20 PM org.openqa.selenium.chromium.ChromiumDriver lambda$new$5
WARNING: Unable to find version of CDP to use for 145.0.7632.116. You may need to include a dependency on a specific version of the CDP using something similar to `org.seleniumhq.selenium:selenium-devtools-v86:4.18.1` where the version ("v86") matches the version of the chromium-based browser you're using and the version number of the artifact is the same as Selenium's.
]]></system-err>
  </testcase>
  <testcase name="testDepositCreatesCreditEntry" classname="com.xyzbank.tests.CustomerTest" time="36.385">
    <failure message="A deposit should appear as a Credit entry in transaction history ==&gt; expected: &lt;true&gt; but was: &lt;false&gt;" type="org.opentest4j.AssertionFailedError"><![CDATA[org.opentest4j.AssertionFailedError: A deposit should appear as a Credit entry in transaction history ==> expected: <true> but was: <false>
	at org.junit.jupiter.api.AssertionFailureBuilder.build(AssertionFailureBuilder.java:151)
	at org.junit.jupiter.api.AssertionFailureBuilder.buildAndThrow(AssertionFailureBuilder.java:132)
	at org.junit.jupiter.api.AssertTrue.failNotTrue(AssertTrue.java:63)
	at org.junit.jupiter.api.AssertTrue.assertTrue(AssertTrue.java:36)
	at org.junit.jupiter.api.Assertions.assertTrue(Assertions.java:214)
	at com.xyzbank.tests.CustomerTest.testDepositCreatesCreditEntry(CustomerTest.java:206)
	at java.base/java.lang.reflect.Method.invoke(Method.java:568)
	at java.base/java.util.ArrayList.forEach(ArrayList.java:1511)
	at java.base/java.util.ArrayList.forEach(ArrayList.java:1511)
]]></failure>
    <system-out><![CDATA[13:53:26 [INFO ] [main] com.xyzbank.base.BaseTest - ========== START: TC-19: Deposit creates Credit transaction entry ==========
13:53:26 [DEBUG] [main] com.xyzbank.base.BaseTest - Initializing WebDriver...
13:53:27 [DEBUG] [main] com.xyzbank.pages.HomePage - Navigating to XYZ Bank login page...
13:53:28 [DEBUG] [main] com.xyzbank.base.BaseTest - Browser opened and home page loaded
13:53:28 [INFO ] [main] com.xyzbank.tests.CustomerTest - Logging in as pre-loaded customer: Harry Potter
13:53:28 [DEBUG] [main] com.xyzbank.pages.HomePage - Clicking Customer Login button...
13:53:30 [DEBUG] [main] com.xyzbank.pages.CustomerLoginPage - Logging in as customer: Harry Potter
13:53:31 [DEBUG] [main] com.xyzbank.pages.CustomerLoginPage - Login successful - account page loaded
13:53:31 [DEBUG] [main] com.xyzbank.pages.CustomerLoginPage - Waiting for account selector to appear...
13:53:31 [DEBUG] [main] com.xyzbank.pages.CustomerLoginPage - Waiting for account options to populate...
13:53:31 [DEBUG] [main] com.xyzbank.pages.CustomerLoginPage - Account dropdown options count: 3
13:53:31 [DEBUG] [main] com.xyzbank.pages.CustomerLoginPage - First account selected — total options: 3
13:53:31 [DEBUG] [main] com.xyzbank.pages.CustomerLoginPage - Account dashboard fully loaded and ready
13:53:31 [INFO ] [main] com.xyzbank.tests.CustomerTest - Customer 'Harry Potter' logged in successfully
13:53:31 [INFO ] [main] com.xyzbank.tests.CustomerTest - Verifying deposit creates a Credit entry in transaction history
13:53:31 [DEBUG] [main] com.xyzbank.pages.AccountPage - Depositing amount: 1000
13:53:32 [DEBUG] [main] com.xyzbank.pages.AccountPage - Clicked element: By.xpath: //button[@type='submit']
13:53:32 [DEBUG] [main] com.xyzbank.pages.AccountPage - Status message detected
13:53:32 [DEBUG] [main] com.xyzbank.pages.AccountPage - Deposit of 1000 completed
13:53:32 [DEBUG] [main] com.xyzbank.pages.AccountPage - Clicking Transactions tab...
13:53:47 [WARN ] [main] com.xyzbank.pages.AccountPage - No transaction rows found after clicking Transactions tab
13:54:02 [DEBUG] [main] com.xyzbank.pages.AccountPage - Transaction row count: 0
13:54:02 [DEBUG] [main] com.xyzbank.tests.CustomerTest - Credit entry found in transaction history: false
13:54:02 [DEBUG] [main] com.xyzbank.base.BaseTest - Taking screenshot before closing browser...
13:54:02 [DEBUG] [main] com.xyzbank.base.BaseTest - Screenshot captured successfully
13:54:03 [DEBUG] [main] com.xyzbank.base.BaseTest - WebDriver closed
13:54:03 [INFO ] [main] com.xyzbank.base.BaseTest - ========== END: TC-19: Deposit creates Credit transaction entry ==========
]]></system-out>
    <system-err><![CDATA[Feb 26, 2026 1:53:27 PM org.openqa.selenium.devtools.CdpVersionFinder findNearestMatch
WARNING: Unable to find CDP implementation matching 145
Feb 26, 2026 1:53:27 PM org.openqa.selenium.chromium.ChromiumDriver lambda$new$5
WARNING: Unable to find version of CDP to use for 145.0.7632.116. You may need to include a dependency on a specific version of the CDP using something similar to `org.seleniumhq.selenium:selenium-devtools-v86:4.18.1` where the version ("v86") matches the version of the chromium-based browser you're using and the version number of the artifact is the same as Selenium's.
]]></system-err>
  </testcase>
  <testcase name="testWithdrawCreatesDebitEntry" classname="com.xyzbank.tests.CustomerTest" time="46.086">
    <failure message="A withdrawal should appear as a Debit entry in transaction history ==&gt; expected: &lt;true&gt; but was: &lt;false&gt;" type="org.opentest4j.AssertionFailedError"><![CDATA[org.opentest4j.AssertionFailedError: A withdrawal should appear as a Debit entry in transaction history ==> expected: <true> but was: <false>
	at org.junit.jupiter.api.AssertionFailureBuilder.build(AssertionFailureBuilder.java:151)
	at org.junit.jupiter.api.AssertionFailureBuilder.buildAndThrow(AssertionFailureBuilder.java:132)
	at org.junit.jupiter.api.AssertTrue.failNotTrue(AssertTrue.java:63)
	at org.junit.jupiter.api.AssertTrue.assertTrue(AssertTrue.java:36)
	at org.junit.jupiter.api.Assertions.assertTrue(Assertions.java:214)
	at com.xyzbank.tests.CustomerTest.testWithdrawCreatesDebitEntry(CustomerTest.java:222)
	at java.base/java.lang.reflect.Method.invoke(Method.java:568)
	at java.base/java.util.ArrayList.forEach(ArrayList.java:1511)
	at java.base/java.util.ArrayList.forEach(ArrayList.java:1511)
]]></failure>
    <system-out><![CDATA[13:54:03 [INFO ] [main] com.xyzbank.base.BaseTest - ========== START: TC-20: Withdrawal creates Debit transaction entry ==========
13:54:03 [DEBUG] [main] com.xyzbank.base.BaseTest - Initializing WebDriver...
13:54:03 [DEBUG] [main] com.xyzbank.pages.HomePage - Navigating to XYZ Bank login page...
13:54:04 [DEBUG] [main] com.xyzbank.base.BaseTest - Browser opened and home page loaded
13:54:04 [INFO ] [main] com.xyzbank.tests.CustomerTest - Logging in as pre-loaded customer: Harry Potter
13:54:04 [DEBUG] [main] com.xyzbank.pages.HomePage - Clicking Customer Login button...
13:54:15 [DEBUG] [main] com.xyzbank.pages.CustomerLoginPage - Logging in as customer: Harry Potter
13:54:17 [DEBUG] [main] com.xyzbank.pages.CustomerLoginPage - Login successful - account page loaded
13:54:17 [DEBUG] [main] com.xyzbank.pages.CustomerLoginPage - Waiting for account selector to appear...
13:54:17 [DEBUG] [main] com.xyzbank.pages.CustomerLoginPage - Waiting for account options to populate...
13:54:17 [DEBUG] [main] com.xyzbank.pages.CustomerLoginPage - Account dropdown options count: 3
13:54:17 [DEBUG] [main] com.xyzbank.pages.CustomerLoginPage - First account selected — total options: 3
13:54:17 [DEBUG] [main] com.xyzbank.pages.CustomerLoginPage - Account dashboard fully loaded and ready
13:54:17 [INFO ] [main] com.xyzbank.tests.CustomerTest - Customer 'Harry Potter' logged in successfully
13:54:17 [INFO ] [main] com.xyzbank.tests.CustomerTest - Verifying withdrawal creates a Debit entry in transaction history
13:54:17 [DEBUG] [main] com.xyzbank.pages.AccountPage - Depositing amount: 1000
13:54:18 [DEBUG] [main] com.xyzbank.pages.AccountPage - Clicked element: By.xpath: //button[@type='submit']
13:54:18 [DEBUG] [main] com.xyzbank.pages.AccountPage - Status message detected
13:54:18 [DEBUG] [main] com.xyzbank.pages.AccountPage - Deposit of 1000 completed
13:54:18 [DEBUG] [main] com.xyzbank.pages.AccountPage - Withdrawing amount: 200
13:54:18 [DEBUG] [main] com.xyzbank.pages.AccountPage - Clicked element: By.xpath: //button[@type='submit']
13:54:18 [DEBUG] [main] com.xyzbank.pages.AccountPage - Status message detected
13:54:18 [DEBUG] [main] com.xyzbank.pages.AccountPage - Withdrawal of 200 completed
13:54:18 [DEBUG] [main] com.xyzbank.pages.AccountPage - Clicking Transactions tab...
13:54:33 [WARN ] [main] com.xyzbank.pages.AccountPage - No transaction rows found after clicking Transactions tab
13:54:48 [DEBUG] [main] com.xyzbank.pages.AccountPage - Transaction row count: 0
13:54:48 [DEBUG] [main] com.xyzbank.tests.CustomerTest - Debit entry found in transaction history: false
13:54:48 [DEBUG] [main] com.xyzbank.base.BaseTest - Taking screenshot before closing browser...
13:54:49 [DEBUG] [main] com.xyzbank.base.BaseTest - Screenshot captured successfully
13:54:49 [DEBUG] [main] com.xyzbank.base.BaseTest - WebDriver closed
13:54:49 [INFO ] [main] com.xyzbank.base.BaseTest - ========== END: TC-20: Withdrawal creates Debit transaction entry ==========
]]></system-out>
    <system-err><![CDATA[Feb 26, 2026 1:54:03 PM org.openqa.selenium.devtools.CdpVersionFinder findNearestMatch
WARNING: Unable to find CDP implementation matching 145
Feb 26, 2026 1:54:03 PM org.openqa.selenium.chromium.ChromiumDriver lambda$new$5
WARNING: Unable to find version of CDP to use for 145.0.7632.116. You may need to include a dependency on a specific version of the CDP using something similar to `org.seleniumhq.selenium:selenium-devtools-v86:4.18.1` where the version ("v86") matches the version of the chromium-based browser you're using and the version number of the artifact is the same as Selenium's.
]]></system-err>
  </testcase>
</testsuite>